<?xml version="1.0" encoding="UTF-8"?>
<testng-results ignored="0" total="1" passed="1" failed="0" skipped="0">
  <reporter-output>
  </reporter-output>
  <suite started-at="2025-07-09T11:11:04 BST" name="Default suite" finished-at="2025-07-09T11:11:06 BST" duration-ms="2500">
    <groups>
    </groups>
    <test started-at="2025-07-09T11:11:04 BST" name="Default test" finished-at="2025-07-09T11:11:06 BST" duration-ms="2500">
      <class name="testcases.TC004_del_customer">
        <test-method is-config="true" signature="setup()[pri:0, instance:testcases.TC004_del_customer@2362f559]" started-at="2025-07-09T11:11:04 BST" name="setup" finished-at="2025-07-09T11:11:04 BST" duration-ms="150" status="PASS">
          <reporter-output>
          </reporter-output>
        </test-method> <!-- setup -->
        <test-method is-config="true" signature="del_cust()[pri:0, instance:testcases.TC004_del_customer@2362f559]" started-at="2025-07-09T11:11:04 BST" name="del_cust" finished-at="2025-07-09T11:11:06 BST" duration-ms="2263" status="PASS">
          <reporter-output>
          </reporter-output>
        </test-method> <!-- del_cust -->
        <test-method signature="check()[pri:0, instance:testcases.TC004_del_customer@2362f559]" started-at="2025-07-09T11:11:06 BST" name="check" finished-at="2025-07-09T11:11:06 BST" duration-ms="23" status="PASS">
          <reporter-output>
          </reporter-output>
        </test-method> <!-- check -->
        <test-method is-config="true" signature="Teardown()[pri:0, instance:testcases.TC004_del_customer@2362f559]" started-at="2025-07-09T11:11:06 BST" name="Teardown" finished-at="2025-07-09T11:11:06 BST" duration-ms="7" status="PASS">
          <reporter-output>
          </reporter-output>
        </test-method> <!-- Teardown -->
      </class> <!-- testcases.TC004_del_customer -->
    </test> <!-- Default test -->
  </suite> <!-- Default suite -->
</testng-results>
